<?xml version="1.0" encoding="UTF-8"?>
<testsuite name="ru.zt.addressbook.tests.GroupDeletionTest" tests="1" skipped="0" failures="0" errors="0" timestamp="2018-09-29T13:29:54" hostname="Пользователь-ПК" time="1.382">
  <properties/>
  <testcase name="testGroupDeletion" classname="ru.zt.addressbook.tests.GroupDeletionTest" time="1.382"/>
  <system-out><![CDATA[]]></system-out>
  <system-err><![CDATA[]]></system-err>
</testsuite>
