<?xml version="1.0" encoding="UTF-8"?>
<testsuite name="ru.zt.addressbook.tests.GroupCreationTests" tests="4" skipped="0" failures="0" errors="0" timestamp="2018-09-29T13:29:43" hostname="Пользователь-ПК" time="8.421">
  <properties/>
  <testcase name="testBadGroupCreation" classname="ru.zt.addressbook.tests.GroupCreationTests" time="2.781"/>
  <testcase name="testGroupCreation[0](GroupData{id=2147483647, name='test 0', header='header 0', footer='footer 0'})" classname="ru.zt.addressbook.tests.GroupCreationTests" time="1.868"/>
  <testcase name="testGroupCreation[1](GroupData{id=2147483647, name='test 1', header='header 1', footer='footer 1'})" classname="ru.zt.addressbook.tests.GroupCreationTests" time="1.871"/>
  <testcase name="testGroupCreation[2](GroupData{id=2147483647, name='test 2', header='header 2', footer='footer 2'})" classname="ru.zt.addressbook.tests.GroupCreationTests" time="1.867"/>
  <system-out><![CDATA[]]></system-out>
  <system-err><![CDATA[]]></system-err>
</testsuite>
