<?xml version="1.0" encoding="UTF-8"?>
<testsuite name="ru.zt.addressbook.tests.GroupModificationTests" tests="1" skipped="0" failures="0" errors="0" timestamp="2018-09-29T13:29:52" hostname="Пользователь-ПК" time="2.068">
  <properties/>
  <testcase name="testGroupModification" classname="ru.zt.addressbook.tests.GroupModificationTests" time="2.068"/>
  <system-out><![CDATA[]]></system-out>
  <system-err><![CDATA[]]></system-err>
</testsuite>
